C:\USERS\ALEKSANDAR_MITREVSKI\DOCUMENTS\VISUAL STUDIO 2012\PROJECTS\BACHELOR'S THESIS\OBJECTRECOGNITIONLIBRARY\OBJECTRECOGNITIONLIBRARY\DEBUG\OBJECTRECOGNITIONLIBRARY.PCH
C:\USERS\ALEKSANDAR_MITREVSKI\DOCUMENTS\VISUAL STUDIO 2012\PROJECTS\BACHELOR'S THESIS\OBJECTRECOGNITIONLIBRARY\OBJECTRECOGNITIONLIBRARY\DEBUG\STDAFX.OBJ
C:\USERS\ALEKSANDAR_MITREVSKI\DOCUMENTS\VISUAL STUDIO 2012\PROJECTS\BACHELOR'S THESIS\OBJECTRECOGNITIONLIBRARY\OBJECTRECOGNITIONLIBRARY\DEBUG\VC110.PDB
C:\USERS\ALEKSANDAR_MITREVSKI\DOCUMENTS\VISUAL STUDIO 2012\PROJECTS\BACHELOR'S THESIS\OBJECTRECOGNITIONLIBRARY\OBJECTRECOGNITIONLIBRARY\DEBUG\OBJECTRECOGNITIONLIBRARY.OBJ
C:\USERS\ALEKSANDAR_MITREVSKI\DOCUMENTS\VISUAL STUDIO 2012\PROJECTS\BACHELOR'S THESIS\OBJECTRECOGNITIONLIBRARY\OBJECTRECOGNITIONLIBRARY\DEBUG\ASSEMBLYINFO.OBJ
C:\USERS\ALEKSANDAR_MITREVSKI\DOCUMENTS\VISUAL STUDIO 2012\PROJECTS\BACHELOR'S THESIS\OBJECTRECOGNITIONLIBRARY\OBJECTRECOGNITIONLIBRARY\DEBUG\.NETFRAMEWORK,VERSION=V4.0.ASSEMBLYATTRIBUTES.OBJ
C:\USERS\ALEKSANDAR_MITREVSKI\DOCUMENTS\VISUAL STUDIO 2012\PROJECTS\BACHELOR'S THESIS\OBJECTRECOGNITIONLIBRARY\DEBUG\OBJECTRECOGNITIONLIBRARY.ILK
C:\USERS\ALEKSANDAR_MITREVSKI\DOCUMENTS\VISUAL STUDIO 2012\PROJECTS\BACHELOR'S THESIS\OBJECTRECOGNITIONLIBRARY\DEBUG\OBJECTRECOGNITIONLIBRARY.DLL
C:\USERS\ALEKSANDAR_MITREVSKI\DOCUMENTS\VISUAL STUDIO 2012\PROJECTS\BACHELOR'S THESIS\OBJECTRECOGNITIONLIBRARY\DEBUG\OBJECTRECOGNITIONLIBRARY.PDB
C:\USERS\ALEKSANDAR_MITREVSKI\DOCUMENTS\VISUAL STUDIO 2012\PROJECTS\BACHELOR'S THESIS\OBJECTRECOGNITIONLIBRARY\OBJECTRECOGNITIONLIBRARY\DEBUG\APP.RES
C:\Users\aleksandar_mitrevski\Documents\Visual Studio 2012\Projects\Bachelor's Thesis\ObjectRecognitionLibrary\ObjectRecognitionLibrary\Debug\ObjectRecognitionLibrary.vcxprojResolveAssemblyReference.cache
C:\Users\aleksandar_mitrevski\Documents\Visual Studio 2012\Projects\Bachelor's Thesis\ObjectRecognitionLibrary\ObjectRecognitionLibrary\Debug\.NETFramework,Version=v4.0.AssemblyAttributes.obj
C:\Users\aleksandar_mitrevski\Documents\Visual Studio 2012\Projects\Bachelor's Thesis\ObjectRecognitionLibrary\ObjectRecognitionLibrary\Debug\AssemblyInfo.obj
C:\Users\aleksandar_mitrevski\Documents\Visual Studio 2012\Projects\Bachelor's Thesis\ObjectRecognitionLibrary\ObjectRecognitionLibrary\Debug\ObjectRecognitionLibrary.obj
C:\Users\aleksandar_mitrevski\Documents\Visual Studio 2012\Projects\Bachelor's Thesis\ObjectRecognitionLibrary\ObjectRecognitionLibrary\Debug\Stdafx.obj
C:\Users\aleksandar_mitrevski\Documents\Visual Studio 2012\Projects\Bachelor's Thesis\ObjectRecognitionLibrary\ObjectRecognitionLibrary\Debug\cl.command.1.tlog
C:\Users\aleksandar_mitrevski\Documents\Visual Studio 2012\Projects\Bachelor's Thesis\ObjectRecognitionLibrary\ObjectRecognitionLibrary\Debug\CL.read.1.tlog
C:\Users\aleksandar_mitrevski\Documents\Visual Studio 2012\Projects\Bachelor's Thesis\ObjectRecognitionLibrary\ObjectRecognitionLibrary\Debug\CL.write.1.tlog
C:\Users\aleksandar_mitrevski\Documents\Visual Studio 2012\Projects\Bachelor's Thesis\ObjectRecognitionLibrary\ObjectRecognitionLibrary\Debug\link.10528-cvtres.read.1.tlog
C:\Users\aleksandar_mitrevski\Documents\Visual Studio 2012\Projects\Bachelor's Thesis\ObjectRecognitionLibrary\ObjectRecognitionLibrary\Debug\link.10528-cvtres.write.1.tlog
C:\Users\aleksandar_mitrevski\Documents\Visual Studio 2012\Projects\Bachelor's Thesis\ObjectRecognitionLibrary\ObjectRecognitionLibrary\Debug\link.10528-rc.read.1.tlog
C:\Users\aleksandar_mitrevski\Documents\Visual Studio 2012\Projects\Bachelor's Thesis\ObjectRecognitionLibrary\ObjectRecognitionLibrary\Debug\link.10528-rc.write.1.tlog
C:\Users\aleksandar_mitrevski\Documents\Visual Studio 2012\Projects\Bachelor's Thesis\ObjectRecognitionLibrary\ObjectRecognitionLibrary\Debug\link.10528.read.1.tlog
C:\Users\aleksandar_mitrevski\Documents\Visual Studio 2012\Projects\Bachelor's Thesis\ObjectRecognitionLibrary\ObjectRecognitionLibrary\Debug\link.10528.write.1.tlog
C:\Users\aleksandar_mitrevski\Documents\Visual Studio 2012\Projects\Bachelor's Thesis\ObjectRecognitionLibrary\ObjectRecognitionLibrary\Debug\link.19688-cvtres.read.1.tlog
C:\Users\aleksandar_mitrevski\Documents\Visual Studio 2012\Projects\Bachelor's Thesis\ObjectRecognitionLibrary\ObjectRecognitionLibrary\Debug\link.19688-cvtres.write.1.tlog
C:\Users\aleksandar_mitrevski\Documents\Visual Studio 2012\Projects\Bachelor's Thesis\ObjectRecognitionLibrary\ObjectRecognitionLibrary\Debug\link.19688-rc.read.1.tlog
C:\Users\aleksandar_mitrevski\Documents\Visual Studio 2012\Projects\Bachelor's Thesis\ObjectRecognitionLibrary\ObjectRecognitionLibrary\Debug\link.19688-rc.write.1.tlog
C:\Users\aleksandar_mitrevski\Documents\Visual Studio 2012\Projects\Bachelor's Thesis\ObjectRecognitionLibrary\ObjectRecognitionLibrary\Debug\link.19688.read.1.tlog
C:\Users\aleksandar_mitrevski\Documents\Visual Studio 2012\Projects\Bachelor's Thesis\ObjectRecognitionLibrary\ObjectRecognitionLibrary\Debug\link.19688.write.1.tlog
C:\Users\aleksandar_mitrevski\Documents\Visual Studio 2012\Projects\Bachelor's Thesis\ObjectRecognitionLibrary\ObjectRecognitionLibrary\Debug\link.220-cvtres.read.1.tlog
C:\Users\aleksandar_mitrevski\Documents\Visual Studio 2012\Projects\Bachelor's Thesis\ObjectRecognitionLibrary\ObjectRecognitionLibrary\Debug\link.220-cvtres.write.1.tlog
C:\Users\aleksandar_mitrevski\Documents\Visual Studio 2012\Projects\Bachelor's Thesis\ObjectRecognitionLibrary\ObjectRecognitionLibrary\Debug\link.220-rc.read.1.tlog
C:\Users\aleksandar_mitrevski\Documents\Visual Studio 2012\Projects\Bachelor's Thesis\ObjectRecognitionLibrary\ObjectRecognitionLibrary\Debug\link.220-rc.write.1.tlog
C:\Users\aleksandar_mitrevski\Documents\Visual Studio 2012\Projects\Bachelor's Thesis\ObjectRecognitionLibrary\ObjectRecognitionLibrary\Debug\link.220.read.1.tlog
C:\Users\aleksandar_mitrevski\Documents\Visual Studio 2012\Projects\Bachelor's Thesis\ObjectRecognitionLibrary\ObjectRecognitionLibrary\Debug\link.220.write.1.tlog
C:\Users\aleksandar_mitrevski\Documents\Visual Studio 2012\Projects\Bachelor's Thesis\ObjectRecognitionLibrary\ObjectRecognitionLibrary\Debug\link.2428-cvtres.read.1.tlog
C:\Users\aleksandar_mitrevski\Documents\Visual Studio 2012\Projects\Bachelor's Thesis\ObjectRecognitionLibrary\ObjectRecognitionLibrary\Debug\link.2428-cvtres.write.1.tlog
C:\Users\aleksandar_mitrevski\Documents\Visual Studio 2012\Projects\Bachelor's Thesis\ObjectRecognitionLibrary\ObjectRecognitionLibrary\Debug\link.2428-rc.read.1.tlog
C:\Users\aleksandar_mitrevski\Documents\Visual Studio 2012\Projects\Bachelor's Thesis\ObjectRecognitionLibrary\ObjectRecognitionLibrary\Debug\link.2428-rc.write.1.tlog
C:\Users\aleksandar_mitrevski\Documents\Visual Studio 2012\Projects\Bachelor's Thesis\ObjectRecognitionLibrary\ObjectRecognitionLibrary\Debug\link.2428.read.1.tlog
C:\Users\aleksandar_mitrevski\Documents\Visual Studio 2012\Projects\Bachelor's Thesis\ObjectRecognitionLibrary\ObjectRecognitionLibrary\Debug\link.2428.write.1.tlog
C:\Users\aleksandar_mitrevski\Documents\Visual Studio 2012\Projects\Bachelor's Thesis\ObjectRecognitionLibrary\ObjectRecognitionLibrary\Debug\link.24332-cvtres.read.1.tlog
C:\Users\aleksandar_mitrevski\Documents\Visual Studio 2012\Projects\Bachelor's Thesis\ObjectRecognitionLibrary\ObjectRecognitionLibrary\Debug\link.24332-cvtres.write.1.tlog
C:\Users\aleksandar_mitrevski\Documents\Visual Studio 2012\Projects\Bachelor's Thesis\ObjectRecognitionLibrary\ObjectRecognitionLibrary\Debug\link.24332-rc.read.1.tlog
C:\Users\aleksandar_mitrevski\Documents\Visual Studio 2012\Projects\Bachelor's Thesis\ObjectRecognitionLibrary\ObjectRecognitionLibrary\Debug\link.24332-rc.write.1.tlog
C:\Users\aleksandar_mitrevski\Documents\Visual Studio 2012\Projects\Bachelor's Thesis\ObjectRecognitionLibrary\ObjectRecognitionLibrary\Debug\link.24332.read.1.tlog
C:\Users\aleksandar_mitrevski\Documents\Visual Studio 2012\Projects\Bachelor's Thesis\ObjectRecognitionLibrary\ObjectRecognitionLibrary\Debug\link.24332.write.1.tlog
C:\Users\aleksandar_mitrevski\Documents\Visual Studio 2012\Projects\Bachelor's Thesis\ObjectRecognitionLibrary\ObjectRecognitionLibrary\Debug\link.3656-cvtres.read.1.tlog
C:\Users\aleksandar_mitrevski\Documents\Visual Studio 2012\Projects\Bachelor's Thesis\ObjectRecognitionLibrary\ObjectRecognitionLibrary\Debug\link.3656-cvtres.write.1.tlog
C:\Users\aleksandar_mitrevski\Documents\Visual Studio 2012\Projects\Bachelor's Thesis\ObjectRecognitionLibrary\ObjectRecognitionLibrary\Debug\link.3656-rc.read.1.tlog
C:\Users\aleksandar_mitrevski\Documents\Visual Studio 2012\Projects\Bachelor's Thesis\ObjectRecognitionLibrary\ObjectRecognitionLibrary\Debug\link.3656-rc.write.1.tlog
C:\Users\aleksandar_mitrevski\Documents\Visual Studio 2012\Projects\Bachelor's Thesis\ObjectRecognitionLibrary\ObjectRecognitionLibrary\Debug\link.3656.read.1.tlog
C:\Users\aleksandar_mitrevski\Documents\Visual Studio 2012\Projects\Bachelor's Thesis\ObjectRecognitionLibrary\ObjectRecognitionLibrary\Debug\link.3656.write.1.tlog
C:\Users\aleksandar_mitrevski\Documents\Visual Studio 2012\Projects\Bachelor's Thesis\ObjectRecognitionLibrary\ObjectRecognitionLibrary\Debug\link.5080-cvtres.read.1.tlog
C:\Users\aleksandar_mitrevski\Documents\Visual Studio 2012\Projects\Bachelor's Thesis\ObjectRecognitionLibrary\ObjectRecognitionLibrary\Debug\link.5080-cvtres.write.1.tlog
C:\Users\aleksandar_mitrevski\Documents\Visual Studio 2012\Projects\Bachelor's Thesis\ObjectRecognitionLibrary\ObjectRecognitionLibrary\Debug\link.5080-rc.read.1.tlog
C:\Users\aleksandar_mitrevski\Documents\Visual Studio 2012\Projects\Bachelor's Thesis\ObjectRecognitionLibrary\ObjectRecognitionLibrary\Debug\link.5080-rc.write.1.tlog
C:\Users\aleksandar_mitrevski\Documents\Visual Studio 2012\Projects\Bachelor's Thesis\ObjectRecognitionLibrary\ObjectRecognitionLibrary\Debug\link.5080.read.1.tlog
C:\Users\aleksandar_mitrevski\Documents\Visual Studio 2012\Projects\Bachelor's Thesis\ObjectRecognitionLibrary\ObjectRecognitionLibrary\Debug\link.5080.write.1.tlog
C:\Users\aleksandar_mitrevski\Documents\Visual Studio 2012\Projects\Bachelor's Thesis\ObjectRecognitionLibrary\ObjectRecognitionLibrary\Debug\link.5928-cvtres.read.1.tlog
C:\Users\aleksandar_mitrevski\Documents\Visual Studio 2012\Projects\Bachelor's Thesis\ObjectRecognitionLibrary\ObjectRecognitionLibrary\Debug\link.5928-cvtres.write.1.tlog
C:\Users\aleksandar_mitrevski\Documents\Visual Studio 2012\Projects\Bachelor's Thesis\ObjectRecognitionLibrary\ObjectRecognitionLibrary\Debug\link.5928-rc.read.1.tlog
C:\Users\aleksandar_mitrevski\Documents\Visual Studio 2012\Projects\Bachelor's Thesis\ObjectRecognitionLibrary\ObjectRecognitionLibrary\Debug\link.5928-rc.write.1.tlog
C:\Users\aleksandar_mitrevski\Documents\Visual Studio 2012\Projects\Bachelor's Thesis\ObjectRecognitionLibrary\ObjectRecognitionLibrary\Debug\link.5928.read.1.tlog
C:\Users\aleksandar_mitrevski\Documents\Visual Studio 2012\Projects\Bachelor's Thesis\ObjectRecognitionLibrary\ObjectRecognitionLibrary\Debug\link.5928.write.1.tlog
C:\Users\aleksandar_mitrevski\Documents\Visual Studio 2012\Projects\Bachelor's Thesis\ObjectRecognitionLibrary\ObjectRecognitionLibrary\Debug\link.6488-cvtres.read.1.tlog
C:\Users\aleksandar_mitrevski\Documents\Visual Studio 2012\Projects\Bachelor's Thesis\ObjectRecognitionLibrary\ObjectRecognitionLibrary\Debug\link.6488-cvtres.write.1.tlog
C:\Users\aleksandar_mitrevski\Documents\Visual Studio 2012\Projects\Bachelor's Thesis\ObjectRecognitionLibrary\ObjectRecognitionLibrary\Debug\link.6488-rc.read.1.tlog
C:\Users\aleksandar_mitrevski\Documents\Visual Studio 2012\Projects\Bachelor's Thesis\ObjectRecognitionLibrary\ObjectRecognitionLibrary\Debug\link.6488-rc.write.1.tlog
C:\Users\aleksandar_mitrevski\Documents\Visual Studio 2012\Projects\Bachelor's Thesis\ObjectRecognitionLibrary\ObjectRecognitionLibrary\Debug\link.6488.read.1.tlog
C:\Users\aleksandar_mitrevski\Documents\Visual Studio 2012\Projects\Bachelor's Thesis\ObjectRecognitionLibrary\ObjectRecognitionLibrary\Debug\link.6488.write.1.tlog
C:\Users\aleksandar_mitrevski\Documents\Visual Studio 2012\Projects\Bachelor's Thesis\ObjectRecognitionLibrary\ObjectRecognitionLibrary\Debug\link.7772-cvtres.read.1.tlog
C:\Users\aleksandar_mitrevski\Documents\Visual Studio 2012\Projects\Bachelor's Thesis\ObjectRecognitionLibrary\ObjectRecognitionLibrary\Debug\link.7772-cvtres.write.1.tlog
C:\Users\aleksandar_mitrevski\Documents\Visual Studio 2012\Projects\Bachelor's Thesis\ObjectRecognitionLibrary\ObjectRecognitionLibrary\Debug\link.7772-rc.read.1.tlog
C:\Users\aleksandar_mitrevski\Documents\Visual Studio 2012\Projects\Bachelor's Thesis\ObjectRecognitionLibrary\ObjectRecognitionLibrary\Debug\link.7772-rc.write.1.tlog
C:\Users\aleksandar_mitrevski\Documents\Visual Studio 2012\Projects\Bachelor's Thesis\ObjectRecognitionLibrary\ObjectRecognitionLibrary\Debug\link.7772.read.1.tlog
C:\Users\aleksandar_mitrevski\Documents\Visual Studio 2012\Projects\Bachelor's Thesis\ObjectRecognitionLibrary\ObjectRecognitionLibrary\Debug\link.7772.write.1.tlog
C:\Users\aleksandar_mitrevski\Documents\Visual Studio 2012\Projects\Bachelor's Thesis\ObjectRecognitionLibrary\ObjectRecognitionLibrary\Debug\link.9036-cvtres.read.1.tlog
C:\Users\aleksandar_mitrevski\Documents\Visual Studio 2012\Projects\Bachelor's Thesis\ObjectRecognitionLibrary\ObjectRecognitionLibrary\Debug\link.9036-cvtres.write.1.tlog
C:\Users\aleksandar_mitrevski\Documents\Visual Studio 2012\Projects\Bachelor's Thesis\ObjectRecognitionLibrary\ObjectRecognitionLibrary\Debug\link.9036-rc.read.1.tlog
C:\Users\aleksandar_mitrevski\Documents\Visual Studio 2012\Projects\Bachelor's Thesis\ObjectRecognitionLibrary\ObjectRecognitionLibrary\Debug\link.9036-rc.write.1.tlog
C:\Users\aleksandar_mitrevski\Documents\Visual Studio 2012\Projects\Bachelor's Thesis\ObjectRecognitionLibrary\ObjectRecognitionLibrary\Debug\link.9036.read.1.tlog
C:\Users\aleksandar_mitrevski\Documents\Visual Studio 2012\Projects\Bachelor's Thesis\ObjectRecognitionLibrary\ObjectRecognitionLibrary\Debug\link.9036.write.1.tlog
C:\Users\aleksandar_mitrevski\Documents\Visual Studio 2012\Projects\Bachelor's Thesis\ObjectRecognitionLibrary\ObjectRecognitionLibrary\Debug\link.command.1.tlog
C:\Users\aleksandar_mitrevski\Documents\Visual Studio 2012\Projects\Bachelor's Thesis\ObjectRecognitionLibrary\ObjectRecognitionLibrary\Debug\link.read.1.tlog
C:\Users\aleksandar_mitrevski\Documents\Visual Studio 2012\Projects\Bachelor's Thesis\ObjectRecognitionLibrary\ObjectRecognitionLibrary\Debug\link.write.1.tlog
C:\Users\aleksandar_mitrevski\Documents\Visual Studio 2012\Projects\Bachelor's Thesis\ObjectRecognitionLibrary\ObjectRecognitionLibrary\Debug\metagen.read.1.tlog
C:\Users\aleksandar_mitrevski\Documents\Visual Studio 2012\Projects\Bachelor's Thesis\ObjectRecognitionLibrary\ObjectRecognitionLibrary\Debug\metagen.write.1.tlog
C:\Users\aleksandar_mitrevski\Documents\Visual Studio 2012\Projects\Bachelor's Thesis\ObjectRecognitionLibrary\ObjectRecognitionLibrary\Debug\rc.command.1.tlog
C:\Users\aleksandar_mitrevski\Documents\Visual Studio 2012\Projects\Bachelor's Thesis\ObjectRecognitionLibrary\ObjectRecognitionLibrary\Debug\rc.read.1.tlog
C:\Users\aleksandar_mitrevski\Documents\Visual Studio 2012\Projects\Bachelor's Thesis\ObjectRecognitionLibrary\ObjectRecognitionLibrary\Debug\rc.write.1.tlog
C:\Users\aleksandar_mitrevski\Documents\Visual Studio 2012\Projects\Bachelor's Thesis\ObjectRecognitionLibrary\ObjectRecognitionLibrary\Debug\app.res
C:\Users\aleksandar_mitrevski\Documents\Visual Studio 2012\Projects\Bachelor's Thesis\ObjectRecognitionLibrary\ObjectRecognitionLibrary\Debug\ObjectRecognitionLibrary.pch
C:\Users\aleksandar_mitrevski\Documents\Visual Studio 2012\Projects\Bachelor's Thesis\ObjectRecognitionLibrary\ObjectRecognitionLibrary\Debug\vc110.pdb
C:\Users\aleksandar_mitrevski\Documents\Visual Studio 2012\Projects\Bachelor's Thesis\ObjectRecognitionLibrary\ObjectRecognitionLibrary\Debug\TZRES.DLL.bi
C:\Users\aleksandar_mitrevski\Documents\Visual Studio 2012\Projects\Bachelor's Thesis\ObjectRecognitionLibrary\Debug\ObjectRecognitionLibrary.pdb
C:\Users\aleksandar_mitrevski\Documents\Visual Studio 2012\Projects\Bachelor's Thesis\ObjectRecognitionLibrary\Debug\ObjectRecognitionLibrary.dll
C:\Users\aleksandar_mitrevski\Documents\Visual Studio 2012\Projects\Bachelor's Thesis\ObjectRecognitionLibrary\Debug\ObjectRecognitionLibrary.ilk
