C:\USERS\ALEKSANDAR_MITREVSKI\DOCUMENTS\VISUAL STUDIO 2012\PROJECTS\BACHELOR'S THESIS\NUMBEREXTRACTORLIBRARY\NUMBEREXTRACTORLIBRARY\DEBUG\NUMBEREXTRACTORLIBRARY.PCH
C:\USERS\ALEKSANDAR_MITREVSKI\DOCUMENTS\VISUAL STUDIO 2012\PROJECTS\BACHELOR'S THESIS\NUMBEREXTRACTORLIBRARY\NUMBEREXTRACTORLIBRARY\DEBUG\STDAFX.OBJ
C:\USERS\ALEKSANDAR_MITREVSKI\DOCUMENTS\VISUAL STUDIO 2012\PROJECTS\BACHELOR'S THESIS\NUMBEREXTRACTORLIBRARY\NUMBEREXTRACTORLIBRARY\DEBUG\VC110.PDB
C:\USERS\ALEKSANDAR_MITREVSKI\DOCUMENTS\VISUAL STUDIO 2012\PROJECTS\BACHELOR'S THESIS\NUMBEREXTRACTORLIBRARY\NUMBEREXTRACTORLIBRARY\DEBUG\NUMBEREXTRACTORLIBRARY.OBJ
C:\USERS\ALEKSANDAR_MITREVSKI\DOCUMENTS\VISUAL STUDIO 2012\PROJECTS\BACHELOR'S THESIS\NUMBEREXTRACTORLIBRARY\NUMBEREXTRACTORLIBRARY\DEBUG\ASSEMBLYINFO.OBJ
C:\USERS\ALEKSANDAR_MITREVSKI\DOCUMENTS\VISUAL STUDIO 2012\PROJECTS\BACHELOR'S THESIS\NUMBEREXTRACTORLIBRARY\NUMBEREXTRACTORLIBRARY\DEBUG\.NETFRAMEWORK,VERSION=V4.0.ASSEMBLYATTRIBUTES.OBJ
C:\USERS\ALEKSANDAR_MITREVSKI\DOCUMENTS\VISUAL STUDIO 2012\PROJECTS\BACHELOR'S THESIS\NUMBEREXTRACTORLIBRARY\DEBUG\NUMBEREXTRACTORLIBRARY.ILK
C:\USERS\ALEKSANDAR_MITREVSKI\DOCUMENTS\VISUAL STUDIO 2012\PROJECTS\BACHELOR'S THESIS\NUMBEREXTRACTORLIBRARY\DEBUG\NUMBEREXTRACTORLIBRARY.DLL
C:\USERS\ALEKSANDAR_MITREVSKI\DOCUMENTS\VISUAL STUDIO 2012\PROJECTS\BACHELOR'S THESIS\NUMBEREXTRACTORLIBRARY\DEBUG\NUMBEREXTRACTORLIBRARY.PDB
C:\USERS\ALEKSANDAR_MITREVSKI\DOCUMENTS\VISUAL STUDIO 2012\PROJECTS\BACHELOR'S THESIS\NUMBEREXTRACTORLIBRARY\NUMBEREXTRACTORLIBRARY\DEBUG\APP.RES
C:\Users\aleksandar_mitrevski\Documents\Visual Studio 2012\Projects\Bachelor's Thesis\NumberExtractorLibrary\NumberExtractorLibrary\Debug\NumberExtractorLibrary.vcxprojResolveAssemblyReference.cache
C:\Users\aleksandar_mitrevski\Documents\Visual Studio 2012\Projects\Bachelor's Thesis\NumberExtractorLibrary\NumberExtractorLibrary\Debug\.NETFramework,Version=v4.0.AssemblyAttributes.obj
C:\Users\aleksandar_mitrevski\Documents\Visual Studio 2012\Projects\Bachelor's Thesis\NumberExtractorLibrary\NumberExtractorLibrary\Debug\AssemblyInfo.obj
C:\Users\aleksandar_mitrevski\Documents\Visual Studio 2012\Projects\Bachelor's Thesis\NumberExtractorLibrary\NumberExtractorLibrary\Debug\NumberExtractorLibrary.obj
C:\Users\aleksandar_mitrevski\Documents\Visual Studio 2012\Projects\Bachelor's Thesis\NumberExtractorLibrary\NumberExtractorLibrary\Debug\Stdafx.obj
C:\Users\aleksandar_mitrevski\Documents\Visual Studio 2012\Projects\Bachelor's Thesis\NumberExtractorLibrary\NumberExtractorLibrary\Debug\cl.command.1.tlog
C:\Users\aleksandar_mitrevski\Documents\Visual Studio 2012\Projects\Bachelor's Thesis\NumberExtractorLibrary\NumberExtractorLibrary\Debug\CL.read.1.tlog
C:\Users\aleksandar_mitrevski\Documents\Visual Studio 2012\Projects\Bachelor's Thesis\NumberExtractorLibrary\NumberExtractorLibrary\Debug\CL.write.1.tlog
C:\Users\aleksandar_mitrevski\Documents\Visual Studio 2012\Projects\Bachelor's Thesis\NumberExtractorLibrary\NumberExtractorLibrary\Debug\link.1268-cvtres.read.1.tlog
C:\Users\aleksandar_mitrevski\Documents\Visual Studio 2012\Projects\Bachelor's Thesis\NumberExtractorLibrary\NumberExtractorLibrary\Debug\link.1268-cvtres.write.1.tlog
C:\Users\aleksandar_mitrevski\Documents\Visual Studio 2012\Projects\Bachelor's Thesis\NumberExtractorLibrary\NumberExtractorLibrary\Debug\link.1268-rc.read.1.tlog
C:\Users\aleksandar_mitrevski\Documents\Visual Studio 2012\Projects\Bachelor's Thesis\NumberExtractorLibrary\NumberExtractorLibrary\Debug\link.1268-rc.write.1.tlog
C:\Users\aleksandar_mitrevski\Documents\Visual Studio 2012\Projects\Bachelor's Thesis\NumberExtractorLibrary\NumberExtractorLibrary\Debug\link.1268.read.1.tlog
C:\Users\aleksandar_mitrevski\Documents\Visual Studio 2012\Projects\Bachelor's Thesis\NumberExtractorLibrary\NumberExtractorLibrary\Debug\link.1268.write.1.tlog
C:\Users\aleksandar_mitrevski\Documents\Visual Studio 2012\Projects\Bachelor's Thesis\NumberExtractorLibrary\NumberExtractorLibrary\Debug\link.command.1.tlog
C:\Users\aleksandar_mitrevski\Documents\Visual Studio 2012\Projects\Bachelor's Thesis\NumberExtractorLibrary\NumberExtractorLibrary\Debug\link.read.1.tlog
C:\Users\aleksandar_mitrevski\Documents\Visual Studio 2012\Projects\Bachelor's Thesis\NumberExtractorLibrary\NumberExtractorLibrary\Debug\link.write.1.tlog
C:\Users\aleksandar_mitrevski\Documents\Visual Studio 2012\Projects\Bachelor's Thesis\NumberExtractorLibrary\NumberExtractorLibrary\Debug\metagen.read.1.tlog
C:\Users\aleksandar_mitrevski\Documents\Visual Studio 2012\Projects\Bachelor's Thesis\NumberExtractorLibrary\NumberExtractorLibrary\Debug\metagen.write.1.tlog
C:\Users\aleksandar_mitrevski\Documents\Visual Studio 2012\Projects\Bachelor's Thesis\NumberExtractorLibrary\NumberExtractorLibrary\Debug\rc.command.1.tlog
C:\Users\aleksandar_mitrevski\Documents\Visual Studio 2012\Projects\Bachelor's Thesis\NumberExtractorLibrary\NumberExtractorLibrary\Debug\rc.read.1.tlog
C:\Users\aleksandar_mitrevski\Documents\Visual Studio 2012\Projects\Bachelor's Thesis\NumberExtractorLibrary\NumberExtractorLibrary\Debug\rc.write.1.tlog
C:\Users\aleksandar_mitrevski\Documents\Visual Studio 2012\Projects\Bachelor's Thesis\NumberExtractorLibrary\NumberExtractorLibrary\Debug\app.res
C:\Users\aleksandar_mitrevski\Documents\Visual Studio 2012\Projects\Bachelor's Thesis\NumberExtractorLibrary\NumberExtractorLibrary\Debug\NumberExtractorLibrary.pch
C:\Users\aleksandar_mitrevski\Documents\Visual Studio 2012\Projects\Bachelor's Thesis\NumberExtractorLibrary\NumberExtractorLibrary\Debug\vc110.pdb
C:\Users\aleksandar_mitrevski\Documents\Visual Studio 2012\Projects\Bachelor's Thesis\NumberExtractorLibrary\NumberExtractorLibrary\Debug\TZRES.DLL.bi
C:\Users\aleksandar_mitrevski\Documents\Visual Studio 2012\Projects\Bachelor's Thesis\NumberExtractorLibrary\Debug\NumberExtractorLibrary.pdb
C:\Users\aleksandar_mitrevski\Documents\Visual Studio 2012\Projects\Bachelor's Thesis\NumberExtractorLibrary\Debug\NumberExtractorLibrary.dll
C:\Users\aleksandar_mitrevski\Documents\Visual Studio 2012\Projects\Bachelor's Thesis\NumberExtractorLibrary\Debug\NumberExtractorLibrary.ilk
